[2018-01-02 09:44:27] main.CRITICAL: Exception: Warning: Error while sending QUERY packet. PID=22918 in /home/nativebarn/vendor/magento/zendframework1/library/Zend/Db/Adapter/Pdo/Abstract.php on line 307 in /home/nativebarn/vendor/magento/framework/App/ErrorHandler.php:61
Stack trace:
#0 [internal function]: Magento\Framework\App\ErrorHandler->handler(2, 'Error while sen...', '/home/nativebar...', 307, Array)
#1 /home/nativebarn/vendor/magento/zendframework1/library/Zend/Db/Adapter/Pdo/Abstract.php(307): PDO->beginTransaction()
#2 /home/nativebarn/vendor/magento/zendframework1/library/Zend/Db/Adapter/Abstract.php(496): Zend_Db_Adapter_Pdo_Abstract->_beginTransaction()
#3 /home/nativebarn/vendor/magento/framework/DB/Adapter/Pdo/Mysql.php(236): Zend_Db_Adapter_Abstract->beginTransaction()
#4 /home/nativebarn/vendor/magento/framework/Model/ResourceModel/AbstractResource.php(49): Magento\Framework\DB\Adapter\Pdo\Mysql->beginTransaction()
#5 /home/nativebarn/var/generation/Magento/Customer/Model/ResourceModel/Visitor/Interceptor.php(284): Magento\Framework\Model\ResourceModel\AbstractResource->beginTransaction()
#6 /home/nativebarn/vendor/magento/framework/Model/ResourceModel/Db/AbstractDb.php(386): Magento\Customer\Model\ResourceModel\Visitor\Interceptor->beginTransaction()
#7 /home/nativebarn/vendor/magento/framework/Interception/Interceptor.php(74): Magento\Framework\Model\ResourceModel\Db\AbstractDb->save(Object(Magento\Customer\Model\Visitor))
#8 /home/nativebarn/vendor/magento/framework/Interception/Chain/Chain.php(70): Magento\Customer\Model\ResourceModel\Visitor\Interceptor->___callParent('save', Array)
#9 /home/nativebarn/vendor/magento/framework/Interception/Interceptor.php(138): Magento\Framework\Interception\Chain\Chain->invokeNext('Magento\\Custome...', 'save', Object(Magento\Customer\Model\ResourceModel\Visitor\Interceptor), Array, 'clean_cache')
#10 /home/nativebarn/vendor/magento/framework/App/Cache/FlushCacheByTags.php(71): Magento\Customer\Model\ResourceModel\Visitor\Interceptor->Magento\Framework\Interception\{closure}(Object(Magento\Customer\Model\Visitor))
#11 /home/nativebarn/vendor/magento/framework/Interception/Interceptor.php(142): Magento\Framework\App\Cache\FlushCacheByTags->aroundSave(Object(Magento\Customer\Model\ResourceModel\Visitor\Interceptor), Object(Closure), Object(Magento\Customer\Model\Visitor))
#12 /home/nativebarn/var/generation/Magento/Customer/Model/ResourceModel/Visitor/Interceptor.php(104): Magento\Customer\Model\ResourceModel\Visitor\Interceptor->___callPlugins('save', Array, Array)
#13 /home/nativebarn/vendor/magento/framework/Model/AbstractModel.php(631): Magento\Customer\Model\ResourceModel\Visitor\Interceptor->save(Object(Magento\Customer\Model\Visitor))
#14 /home/nativebarn/vendor/magento/module-customer/Model/Visitor.php(182): Magento\Framework\Model\AbstractModel->save()
#15 /home/nativebarn/vendor/magento/module-customer/Observer/Visitor/SaveByRequestObserver.php(24): Magento\Customer\Model\Visitor->saveByRequest(Object(Magento\Framework\Event\Observer))
#16 /home/nativebarn/vendor/magento/framework/Event/Invoker/InvokerDefault.php(73): Magento\Customer\Observer\Visitor\SaveByRequestObserver->execute(Object(Magento\Framework\Event\Observer))
#17 /home/nativebarn/vendor/magento/framework/Event/Invoker/InvokerDefault.php(61): Magento\Framework\Event\Invoker\InvokerDefault->_callObserverMethod(Object(Magento\Customer\Observer\Visitor\SaveByRequestObserver), Object(Magento\Framework\Event\Observer))
#18 /home/nativebarn/vendor/magento/framework/Event/Manager.php(66): Magento\Framework\Event\Invoker\InvokerDefault->dispatch(Array, Object(Magento\Framework\Event\Observer))
#19 /home/nativebarn/var/generation/Magento/Framework/Event/Manager/Proxy.php(95): Magento\Framework\Event\Manager->dispatch('controller_acti...', Array)
#20 /home/nativebarn/vendor/magento/framework/App/Action/Action.php(113): Magento\Framework\Event\Manager\Proxy->dispatch('controller_acti...', Array)
#21 /home/nativebarn/vendor/magento/framework/Interception/Interceptor.php(74): Magento\Framework\App\Action\Action->dispatch(Object(Magento\Framework\App\Request\Http))
#22 /home/nativebarn/vendor/magento/framework/Interception/Chain/Chain.php(70): Magento\Cms\Controller\Index\Index\Interceptor->___callParent('dispatch', Array)
#23 /home/nativebarn/vendor/magento/framework/Interception/Chain/Chain.php(63): Magento\Framework\Interception\Chain\Chain->invokeNext('Magento\\Cms\\Con...', 'dispatch', Object(Magento\Cms\Controller\Index\Index\Interceptor), Array, 'contextPlugin')
#24 /home/nativebarn/vendor/magento/module-store/App/Action/Plugin/Context.php(106): Magento\Framework\Interception\Chain\Chain->Magento\Framework\Interception\Chain\{closure}(Object(Magento\Framework\App\Request\Http))
#25 /home/nativebarn/vendor/magento/framework/Interception/Chain/Chain.php(67): Magento\Store\App\Action\Plugin\Context->aroundDispatch(Object(Magento\Cms\Controller\Index\Index\Interceptor), Object(Closure), Object(Magento\Framework\App\Request\Http))
#26 /home/nativebarn/vendor/magento/framework/Interception/Chain/Chain.php(63): Magento\Framework\Interception\Chain\Chain->invokeNext('Magento\\Cms\\Con...', 'dispatch', Object(Magento\Cms\Controller\Index\Index\Interceptor), Array, 'customer-app-ac...')
#27 /home/nativebarn/vendor/magento/module-customer/Model/App/Action/ContextPlugin.php(61): Magento\Framework\Interception\Chain\Chain->Magento\Framework\Interception\Chain\{closure}(Object(Magento\Framework\App\Request\Http))
#28 /home/nativebarn/vendor/magento/framework/Interception/Chain/Chain.php(67): Magento\Customer\Model\App\Action\ContextPlugin->aroundDispatch(Object(Magento\Cms\Controller\Index\Index\Interceptor), Object(Closure), Object(Magento\Framework\App\Request\Http))
#29 /home/nativebarn/vendor/magento/framework/Interception/Chain/Chain.php(63): Magento\Framework\Interception\Chain\Chain->invokeNext('Magento\\Cms\\Con...', 'dispatch', Object(Magento\Cms\Controller\Index\Index\Interceptor), Array, 'storeCheck')
#30 /home/nativebarn/vendor/magento/module-store/App/Action/Plugin/StoreCheck.php(44): Magento\Framework\Interception\Chain\Chain->Magento\Framework\Interception\Chain\{closure}(Object(Magento\Framework\App\Request\Http))
#31 /home/nativebarn/vendor/magento/framework/Interception/Chain/Chain.php(67): Magento\Store\App\Action\Plugin\StoreCheck->aroundDispatch(Object(Magento\Cms\Controller\Index\Index\Interceptor), Object(Closure), Object(Magento\Framework\App\Request\Http))
#32 /home/nativebarn/vendor/magento/framework/Interception/Chain/Chain.php(63): Magento\Framework\Interception\Chain\Chain->invokeNext('Magento\\Cms\\Con...', 'dispatch', Object(Magento\Cms\Controller\Index\Index\Interceptor), Array, 'weee-app-action...')
#33 /home/nativebarn/vendor/magento/module-weee/Model/App/Action/ContextPlugin.php(112): Magento\Framework\Interception\Chain\Chain->Magento\Framework\Interception\Chain\{closure}(Object(Magento\Framework\App\Request\Http))
#34 /home/nativebarn/vendor/magento/framework/Interception/Chain/Chain.php(67): Magento\Weee\Model\App\Action\ContextPlugin->aroundDispatch(Object(Magento\Cms\Controller\Index\Index\Interceptor), Object(Closure), Object(Magento\Framework\App\Request\Http))
#35 /home/nativebarn/vendor/magento/framework/Interception/Interceptor.php(138): Magento\Framework\Interception\Chain\Chain->invokeNext('Magento\\Cms\\Con...', 'dispatch', Object(Magento\Cms\Controller\Index\Index\Interceptor), Array, 'tax-app-action-...')
#36 /home/nativebarn/vendor/magento/module-tax/Model/App/Action/ContextPlugin.php(91): Magento\Cms\Controller\Index\Index\Interceptor->Magento\Framework\Interception\{closure}(Object(Magento\Framework\App\Request\Http))
#37 /home/nativebarn/vendor/magento/framework/Interception/Interceptor.php(142): Magento\Tax\Model\App\Action\ContextPlugin->aroundDispatch(Object(Magento\Cms\Controller\Index\Index\Interceptor), Object(Closure), Object(Magento\Framework\App\Request\Http))
#38 /home/nativebarn/var/generation/Magento/Cms/Controller/Index/Index/Interceptor.php(39): Magento\Cms\Controller\Index\Index\Interceptor->___callPlugins('dispatch', Array, Array)
#39 /home/nativebarn/vendor/[2018-01-02 09:44:30] main.CRITICAL: Exception: Warning: Error while sending QUERY packet. PID=23017 in /home/nativebarn/vendor/magento/zendframework1/library/Zend/Db/Adapter/Pdo/Abstract.php on line 307 in /home/nativebarn/vendor/magento/framework/App/ErrorHandler.php:61
Stack trace:
#0 [internal function]: Magento\Framework\App\ErrorHandler->handler(2, 'Error while sen...', '/home/nativebar...', 307, Array)
#1 /home/nativebarn/vendor/magento/zendframework1/library/Zend/Db/Adapter/Pdo/Abstract.php(307): PDO->beginTransaction()
#2 /home/nativebarn/vendor/magento/zendframework1/library/Zend/Db/Adapter/Abstract.php(496): Zend_Db_Adapter_Pdo_Abstract->_beginTransaction()
#3 /home/nativebarn/vendor/magento/framework/DB/Adapter/Pdo/Mysql.php(236): Zend_Db_Adapter_Abstract->beginTransaction()
#4 /home/nativebarn/vendor/magento/framework/Model/ResourceModel/AbstractResource.php(49): Magento\Framework\DB\Adapter\Pdo\Mysql->beginTransaction()
#5 /home/nativebarn/var/generation/Magento/Customer/Model/ResourceModel/Visitor/Interceptor.php(284): Magento\Framework\Model\ResourceModel\AbstractResource->beginTransaction()
#6 /home/nativebarn/vendor/magento/framework/Model/ResourceModel/Db/AbstractDb.php(386): Magento\Customer\Model\ResourceModel\Visitor\Interceptor->beginTransaction()
#7 /home/nativebarn/vendor/magento/framework/Interception/Interceptor.php(74): Magento\Framework\Model\ResourceModel\Db\AbstractDb->save(Object(Magento\Customer\Model\Visitor))
#8 /home/nativebarn/vendor/magento/framework/Interception/Chain/Chain.php(70): Magento\Customer\Model\ResourceModel\Visitor\Interceptor->___callParent('save', Array)
#9 /home/nativebarn/vendor/magento/framework/Interception/Interceptor.php(138): Magento\Framework\Interception\Chain\Chain->invokeNext('Magento\\Custome...', 'save', Object(Magento\Customer\Model\ResourceModel\Visitor\Interceptor), Array, 'clean_cache')
#10 /home/nativebarn/vendor/magento/framework/App/Cache/FlushCacheByTags.php(71): Magento\Customer\Model\ResourceModel\Visitor\Interceptor->Magento\Framework\Interception\{closure}(Object(Magento\Customer\Model\Visitor))
#11 /home/nativebarn/vendor/magento/framework/Interception/Interceptor.php(142): Magento\Framework\App\Cache\FlushCacheByTags->aroundSave(Object(Magento\Customer\Model\ResourceModel\Visitor\Interceptor), Object(Closure), Object(Magento\Customer\Model\Visitor))
#12 /home/nativebarn/var/generation/Magento/Customer/Model/ResourceModel/Visitor/Interceptor.php(104): Magento\Customer\Model\ResourceModel\Visitor\Interceptor->___callPlugins('save', Array, Array)
#13 /home/nativebarn/vendor/magento/framework/Model/AbstractModel.php(631): Magento\Customer\Model\ResourceModel\Visitor\Interceptor->save(Object(Magento\Customer\Model\Visitor))
#14 /home/nativebarn/vendor/magento/module-customer/Model/Visitor.php(182): Magento\Framework\Model\AbstractModel->save()
#15 /home/nativebarn/vendor/magento/module-customer/Observer/Visitor/SaveByRequestObserver.php(24): Magento\Customer\Model\Visitor->saveByRequest(Object(Magento\Framework\Event\Observer))
#16 /home/nativebarn/vendor/magento/framework/Event/Invoker/InvokerDefault.php(73): Magento\Customer\Observer\Visitor\SaveByRequestObserver->execute(Object(Magento\Framework\Event\Observer))
#17 /home/nativebarn/vendor/magento/framework/Event/Invoker/InvokerDefault.php(61): Magento\Framework\Event\Invoker\InvokerDefault->_callObserverMethod(Object(Magento\Customer\Observer\Visitor\SaveByRequestObserver), Object(Magento\Framework\Event\Observer))
#18 /home/nativebarn/vendor/magento/framework/Event/Manager.php(66): Magento\Framework\Event\Invoker\InvokerDefault->dispatch(Array, Object(Magento\Framework\Event\Observer))
#19 /home/nativebarn/var/generation/Magento/Framework/Event/Manager/Proxy.php(95): Magento\Framework\Event\Manager->dispatch('controller_acti...', Array)
#20 /home/nativebarn/vendor/magento/framework/App/Action/Action.php(113): Magento\Framework\Event\Manager\Proxy->dispatch('controller_acti...', Array)
#21 /home/nativebarn/vendor/magento/framework/Interception/Interceptor.php(74): Magento\Framework\App\Action\Action->dispatch(Object(Magento\Framework\App\Request\Http))
#22 /home/nativebarn/vendor/magento/framework/Interception/Chain/Chain.php(70): Magento\Cms\Controller\Index\Index\Interceptor->___callParent('dispatch', Array)
#23 /home/nativebarn/vendor/magento/framework/Interception/Chain/Chain.php(63): Magento\Framework\Interception\Chain\Chain->invokeNext('Magento\\Cms\\Con...', 'dispatch', Object(Magento\Cms\Controller\Index\Index\Interceptor), Array, 'contextPlugin')
#24 /home/nativebarn/vendor/magento/module-store/App/Action/Plugin/Context.php(106): Magento\Framework\Interception\Chain\Chain->Magento\Framework\Interception\Chain\{closure}(Object(Magento\Framework\App\Request\Http))
#25 /home/nativebarn/vendor/magento/framework/Interception/Chain/Chain.php(67): Magento\Store\App\Action\Plugin\Context->aroundDispatch(Object(Magento\Cms\Controller\Index\Index\Interceptor), Object(Closure), Object(Magento\Framework\App\Request\Http))
#26 /home/nativebarn/vendor/magento/framework/Interception/Chain/Chain.php(63): Magento\Framework\Interception\Chain\Chain->invokeNext('Magento\\Cms\\Con...', 'dispatch', Object(Magento\Cms\Controller\Index\Index\Interceptor), Array, 'customer-app-ac...')
#27 /home/nativebarn/vendor/magento/module-customer/Model/App/Action/ContextPlugin.php(61): Magento\Framework\Interception\Chain\Chain->Magento\Framework\Interception\Chain\{closure}(Object(Magento\Framework\App\Request\Http))
#28 /home/nativebarn/vendor/magento/framework/Interception/Chain/Chain.php(67): Magento\Customer\Model\App\Action\ContextPlugin->aroundDispatch(Object(Magento\Cms\Controller\Index\Index\Interceptor), Object(Closure), Object(Magento\Framework\App\Request\Http))
#29 /home/nativebarn/vendor/magento/framework/Interception/Chain/Chain.php(63): Magento\Framework\Interception\Chain\Chain->invokeNext('Magento\\Cms\\Con...', 'dispatch', Object(Magento\Cms\Controller\Index\Index\Interceptor), Array, 'storeCheck')
#30 /home/nativebarn/vendor/magento/module-store/App/Action/Plugin/StoreCheck.php(44): Magento\Framework\Interception\Chain\Chain->Magento\Framework\Interception\Chain\{closure}(Object(Magento\Framework\App\Request\Http))
#31 /home/nativebarn/vendor/magento/framework/Interception/Chain/Chain.php(67): Magento\Store\App\Action\Plugin\StoreCheck->aroundDispatch(Object(Magento\Cms\Controller\Index\Index\Interceptor), Object(Closure), Object(Magento\Framework\App\Request\Http))
#32 /home/nativebarn/vendor/magento/framework/Interception/Chain/Chain.php(63): Magento\Framework\Interception\Chain\Chain->invokeNext('Magento\\Cms\\Con...', 'dispatch', Object(Magento\Cms\Controller\Index\Index\Interceptor), Array, 'weee-app-action...')
#33 /home/nativebarn/vendor/magento/module-weee/Model/App/Action/ContextPlugin.php(112): Magento\Framework\Interception\Chain\Chain->Magento\Framework\Interception\Chain\{closure}(Object(Magento\Framework\App\Request\Http))
#34 /home/nativebarn/vendor/magento/framework/Interception/Chain/Chain.php(67): Magento\Weee\Model\App\Action\ContextPlugin->aroundDispatch(Object(Magento\Cms\Controller\Index\Index\Interceptor), Object(Closure), Object(Magento\Framework\App\Request\Http))
#35 /home/nativebarn/vendor/magento/framework/Interception/Interceptor.php(138): Magento\Framework\Interception\Chain\Chain->invokeNext('Magento\\Cms\\Con...', 'dispatch', Object(Magento\Cms\Controller\Index\Index\Interceptor), Array, 'tax-app-action-...')
#36 /home/nativebarn/vendor/magento/module-tax/Model/App/Action/ContextPlugin.php(91): Magento\Cms\Controller\Index\Index\Interceptor->Magento\Framework\Interception\{closure}(Object(Magento\Framework\App\Request\Http))
#37 /home/nativebarn/vendor/magento/framework/Interception/Interceptor.php(142): Magento\Tax\Model\App\Action\ContextPlugin->aroundDispatch(Object(Magento\Cms\Controller\Index\Index\Interceptor), Object(Closure), Object(Magento\Framework\App\Request\Http))
#38 /home/nativebarn/var/generation/Magento/Cms/Controller/Index/Index/Interceptor.php(39): Magento\Cms\Controller\Index\Index\Interceptor->___callPlugins('dispatch', Array, Array)
#39 /home/nativebarn/vendor/magento/framework/App/FrontController.php(55): Magento\Cms\Controller\Index\Index\Interceptor->dispatch(Object(Magento\Framework\App\Request\Http))
#40 /home/nativebarn/vendor/magento/framework/Interception/Interceptor.php(74): Magento\Framework\App\FrontController->dispatch(Object(Magento\Framework\App\Request\Http))
#41 /home/nativebarn/vendor/magento/framework/Interception/Chain/Chain.php(70): Magento\Framework\App\FrontController\Interceptor->___callParent('dispatch', Array)
#42 /home/nativebarn/vendor/magento/framework/Interception/Chain/Chain.php(63): Magento\Framework\Interception\Chain\Chain->invokeNext('Magento\\Framewo...', 'dispatch', Object(Magento\Framework\App\FrontController\Interceptor), Array, 'requestPreproce...')
#43 /home/nativebarn/vendor/magento/module-store/App/FrontController/Plugin/RequestPreprocessor.php(94): Magento\Framework\Interception\Chain\Chain->Magento\Framework\Interception\Chain\{closure}(Object(Magento\Framework\App\Request\Http))
#44 /home/nativebarn/vendor/magento/framework/Interception/Chain/Chain.php(67): Magento\Store\App\FrontController\Plugin\RequestPreprocessor->aroundDispatch(Object(Magento\Framework\App\FrontController\Interceptor), Object(Closure), Object(Magento\Framework\App\Request\Http))
#45 /home/nativebarn/vendor/magento/framework/Interception/Chain/Chain.php(63): Magento\Framework\Interception\Chain\Chain->invokeNext('Magento\\Framewo...', 'dispatch', Object(Magento\Framework\App\FrontController\Interceptor), Array, 'install')
#46 /home/nativebarn/vendor/magento/framework/Module/Plugin/DbStatusValidator.php(69): Magento\Framework\Interception\Chain\Chain->Magento\Framework\Interception\Chain\{closure}(Object(Magento\Framework\App\Request\Http))
#47 /home/nativebarn/vendor/magento/framework/Interception/Chain/Chain.php(67): Magento\Framework\Module\Plugin\DbStatusValidator->aroundDispatch(Object(Magento\Framework\App\FrontController\Interceptor), Object(Closure), Object(Magento\Framework\App\Request\Http))
#48 /home/nativebarn/vendor/magento/framework/Interception/Chain/Chain.php(63): Magento\Framework\Interception\Chain\Chain->invokeNext('Magento\\Framewo...', 'dispatch', Object(Magento\Framework\App\FrontController\Interceptor), Array, 'switcher-app-ac...')
#49 /home/nativebarn/app/code/TemplateMonster/LayoutSwitcher/Model/App/Action/ContextPlugin.php(40): Magento\Framework\Interception\Chain\Chain->Magento\Framework\Interception\Chain\{closure}(Object(Magento\Framework\App\Request\Http))
#50 /home/nativebarn/vendor/magento/framework/Interception/Chain/Chain.php(67): TemplateMonster\LayoutSwitcher\Model\App\Action\ContextPlugin->aroundDispatch(Object(Magento\Framework\App\FrontController\Interceptor), Object(Closure), Object(Magento\Framework\App\Request\Http))
#51 /home/nativebarn/vendor/magento/framework/Interception/Chain/Chain.php(63): Magento\Framework\Interception\Chain\Chain->invokeNext('Magento\\Framewo...', 'dispatch', Object(Magento\Framework\App\FrontController\Interceptor), Array, 'front-controlle...')
#52 /home/nativebarn/vendor/magento/module-page-cache/Model/App/FrontController/VarnishPlugin.php(55): Magento\Framework\Interception\Chain\Chain->Magento\Framework\Interception\Chain\{closure}(Object(Magento\Framework\App\Request\Http))
#53 /home/nativebarn/vendor/magento/framework/Interception/Chain/Chain.php(67): Magento\PageCache\Model\App\FrontController\VarnishPlugin->aroundDispatch(Object(Magento\Framework\App\FrontController\Interceptor), Object(Closure), Object(Magento\Framework\App\Request\Http))
#54 /home/nativebarn/vendor/magento/framework/Interception/Interceptor.php(138): Magento\Framework\Interception\Chain\Chain->invokeNext('Magento\\Framewo...', 'dispatch', Object(Magento\Framework\App\FrontController\Interceptor), Array, 'front-controlle...')
#55 /home/nativebarn/vendor/magento/module-page-cache/Model/App/FrontController/BuiltinPlugin.php(68): Magento\Framework\App\FrontController\Interceptor->Magento\Framework\Interception\{closure}(Object(Magento\Framework\App\Request\Http))
#56 /home/nativebarn/app/code/TemplateMonster/SiteMaintenance/Model/PageCache/App/FrontController/BuiltinPlugin.php(30): Magento\PageCache\Model\App\FrontController\BuiltinPlugin->aroundDispatch(Object(Magento\Framework\App\FrontController\Interceptor), Object(Closure), Object(Magento\Framework\App\Request\Http))
#57 /home/nativebarn/vendor/magento/framework/Interception/Interceptor.php(142): TemplateMonster\SiteMaintenance\Model\PageCache\App\FrontController\BuiltinPlugin->aroundDispatch(Object(Magento\Framework\App\FrontController\Interceptor), Object(Closure), Object(Magento\Framework\App\Request\Http))
#58 /home/nativebarn/var/generation/Magento/Framework/App/FrontController/Interceptor.php(26): Magento\Framework\App\FrontController\Interceptor->___callPlugins('dispatch', Array, Array)
#59 /home/nativebarn/vendor/magento/framework/App/Http.php(135): Magento\Framework\App\FrontController\Interceptor->dispatch(Object(Magento\Framework\App\Request\Http))
#60 /home/nativebarn/vendor/magento/framework/App/Bootstrap.php(258): Magento\Framework\App\Http->launch()
#61 /home/nativebarn/index.php(46): Magento\Framework\App\Bootstrap->run(Object(Magento\Framework\App\Http))
#62 {main} [] []
magento/framework/App/FrontController.php(55): Magento\Cms\Controller\Index\Index\Interceptor->dispatch(Object(Magento\Framework\App\Request\Http))
#40 /home/nativebarn/vendor/magento/framework/Interception/Interceptor.php(74): Magento\Framework\App\FrontController->dispatch(Object(Magento\Framework\App\Request\Http))
#41 /home/nativebarn/vendor/magento/framework/Interception/Chain/Chain.php(70): Magento\Framework\App\FrontController\Interceptor->___callParent('dispatch', Array)
#42 /home/nativebarn/vendor/magento/framework/Interception/Chain/Chain.php(63): Magento\Framework\Interception\Chain\Chain->invokeNext('Magento\\Framewo...', 'dispatch', Object(Magento\Framework\App\FrontController\Interceptor), Array, 'requestPreproce...')
#43 /home/nativebarn/vendor/magento/module-store/App/FrontController/Plugin/RequestPreprocessor.php(94): Magento\Framework\Interception\Chain\Chain->Magento\Framework\Interception\Chain\{closure}(Object(Magento\Framework\App\Request\Http))
#44 /home/nativebarn/vendor/magento/framework/Interception/Chain/Chain.php(67): Magento\Store\App\FrontController\Plugin\RequestPreprocessor->aroundDispatch(Object(Magento\Framework\App\FrontController\Interceptor), Object(Closure), Object(Magento\Framework\App\Request\Http))
#45 /home/nativebarn/vendor/magento/framework/Interception/Chain/Chain.php(63): Magento\Framework\Interception\Chain\Chain->invokeNext('Magento\\Framewo...', 'dispatch', Object(Magento\Framework\App\FrontController\Interceptor), Array, 'install')
#46 /home/nativebarn/vendor/magento/framework/Module/Plugin/DbStatusValidator.php(69): Magento\Framework\Interception\Chain\Chain->Magento\Framework\Interception\Chain\{closure}(Object(Magento\Framework\App\Request\Http))
#47 /home/nativebarn/vendor/magento/framework/Interception/Chain/Chain.php(67): Magento\Framework\Module\Plugin\DbStatusValidator->aroundDispatch(Object(Magento\Framework\App\FrontController\Interceptor), Object(Closure), Object(Magento\Framework\App\Request\Http))
#48 /home/nativebarn/vendor/magento/framework/Interception/Chain/Chain.php(63): Magento\Framework\Interception\Chain\Chain->invokeNext('Magento\\Framewo...', 'dispatch', Object(Magento\Framework\App\FrontController\Interceptor), Array, 'switcher-app-ac...')
#49 /home/nativebarn/app/code/TemplateMonster/LayoutSwitcher/Model/App/Action/ContextPlugin.php(40): Magento\Framework\Interception\Chain\Chain->Magento\Framework\Interception\Chain\{closure}(Object(Magento\Framework\App\Request\Http))
#50 /home/nativebarn/vendor/magento/framework/Interception/Chain/Chain.php(67): TemplateMonster\LayoutSwitcher\Model\App\Action\ContextPlugin->aroundDispatch(Object(Magento\Framework\App\FrontController\Interceptor), Object(Closure), Object(Magento\Framework\App\Request\Http))
#51 /home/nativebarn/vendor/magento/framework/Interception/Chain/Chain.php(63): Magento\Framework\Interception\Chain\Chain->invokeNext('Magento\\Framewo...', 'dispatch', Object(Magento\Framework\App\FrontController\Interceptor), Array, 'front-controlle...')
#52 /home/nativebarn/vendor/magento/module-page-cache/Model/App/FrontController/VarnishPlugin.php(55): Magento\Framework\Interception\Chain\Chain->Magento\Framework\Interception\Chain\{closure}(Object(Magento\Framework\App\Request\Http))
#53 /home/nativebarn/vendor/magento/framework/Interception/Chain/Chain.php(67): Magento\PageCache\Model\App\FrontController\VarnishPlugin->aroundDispatch(Object(Magento\Framework\App\FrontController\Interceptor), Object(Closure), Object(Magento\Framework\App\Request\Http))
#54 /home/nativebarn/vendor/magento/framework/Interception/Interceptor.php(138): Magento\Framework\Interception\Chain\Chain->invokeNext('Magento\\Framewo...', 'dispatch', Object(Magento\Framework\App\FrontController\Interceptor), Array, 'front-controlle...')
#55 /home/nativebarn/vendor/magento/module-page-cache/Model/App/FrontController/BuiltinPlugin.php(68): Magento\Framework\App\FrontController\Interceptor->Magento\Framework\Interception\{closure}(Object(Magento\Framework\App\Request\Http))
#56 /home/nativebarn/app/code/TemplateMonster/SiteMaintenance/Model/PageCache/App/FrontController/BuiltinPlugin.php(30): Magento\PageCache\Model\App\FrontController\BuiltinPlugin->aroundDispatch(Object(Magento\Framework\App\FrontController\Interceptor), Object(Closure), Object(Magento\Framework\App\Request\Http))
#57 /home/nativebarn/vendor/magento/framework/Interception/Interceptor.php(142): TemplateMonster\SiteMaintenance\Model\PageCache\App\FrontController\BuiltinPlugin->aroundDispatch(Object(Magento\Framework\App\FrontController\Interceptor), Object(Closure), Object(Magento\Framework\App\Request\Http))
#58 /home/nativebarn/var/generation/Magento/Framework/App/FrontController/Interceptor.php(26): Magento\Framework\App\FrontController\Interceptor->___callPlugins('dispatch', Array, Array)
#59 /home/nativebarn/vendor/magento/framework/App/Http.php(135): Magento\Framework\App\FrontController\Interceptor->dispatch(Object(Magento\Framework\App\Request\Http))
#60 /home/nativebarn/vendor/magento/framework/App/Bootstrap.php(258): Magento\Framework\App\Http->launch()
#61 /home/nativebarn/index.php(46): Magento\Framework\App\Bootstrap->run(Object(Magento\Framework\App\Http))
#62 {main} [] []
[2018-01-03 05:52:46] main.CRITICAL: Exception: Warning: Error while sending QUERY packet. PID=8153 in /home/nativebarn/vendor/magento/zendframework1/library/Zend/Db/Statement/Pdo.php on line 228 in /home/nativebarn/vendor/magento/framework/App/ErrorHandler.php:61
Stack trace:
#0 [internal function]: Magento\Framework\App\ErrorHandler->handler(2, 'Error while sen...', '/home/nativebar...', 228, Array)
#1 /home/nativebarn/vendor/magento/zendframework1/library/Zend/Db/Statement/Pdo.php(228): PDOStatement->execute(Array)
#2 /home/nativebarn/vendor/magento/framework/DB/Statement/Pdo/Mysql.php(95): Zend_Db_Statement_Pdo->_execute(Array)
#3 /home/nativebarn/vendor/magento/zendframework1/library/Zend/Db/Statement.php(303): Magento\Framework\DB\Statement\Pdo\Mysql->_execute(Array)
#4 /home/nativebarn/vendor/magento/zendframework1/library/Zend/Db/Adapter/Abstract.php(480): Zend_Db_Statement->execute(Array)
#5 /home/nativebarn/vendor/magento/zendframework1/library/Zend/Db/Adapter/Pdo/Abstract.php(238): Zend_Db_Adapter_Abstract->query('DESCRIBE `custo...', Array)
#6 /home/nativebarn/vendor/magento/framework/DB/Adapter/Pdo/Mysql.php(465): Zend_Db_Adapter_Pdo_Abstract->query('DESCRIBE `custo...', Array)
#7 /home/nativebarn/vendor/magento/framework/DB/Adapter/Pdo/Mysql.php(520): Magento\Framework\DB\Adapter\Pdo\Mysql->_query('DESCRIBE `custo...', Array)
#8 /home/nativebarn/vendor/magento/zendframework1/library/Zend/Db/Adapter/Pdo/Mysql.php(171): Magento\Framework\DB\Adapter\Pdo\Mysql->query('DESCRIBE `custo...')
#9 /home/nativebarn/vendor/magento/framework/DB/Adapter/Pdo/Mysql.php(1549): Zend_Db_Adapter_Pdo_Mysql->describeTable('customer_visito...', NULL)
#10 /home/nativebarn/vendor/magento/framework/Model/ResourceModel/AbstractResource.php(159): Magento\Framework\DB\Adapter\Pdo\Mysql->describeTable('customer_visito...')
#11 /home/nativebarn/vendor/magento/framework/Model/ResourceModel/Db/AbstractDb.php(728): Magento\Framework\Model\ResourceModel\AbstractResource->_prepareDataForTable(Object(Magento\Customer\Model\Visitor), 'customer_visito...')
#12 /home/nativebarn/vendor/magento/framework/Model/ResourceModel/Db/AbstractDb.php(784): Magento\Framework\Model\ResourceModel\Db\AbstractDb->prepareDataForUpdate(Object(Magento\Customer\Model\Visitor))
#13 /home/nativebarn/vendor/magento/framework/Model/ResourceModel/Db/AbstractDb.php(403): Magento\Framework\Model\ResourceModel\Db\AbstractDb->updateObject(Object(Magento\Customer\Model\Visitor))
#14 /home/nativebarn/vendor/magento/framework/Interception/Interceptor.php(74): Magento\Framework\Model\ResourceModel\Db\AbstractDb->save(Object(Magento\Customer\Model\Visitor))
#15 /home/nativebarn/vendor/magento/framework/Interception/Chain/Chain.php(70): Magento\Customer\Model\ResourceModel\Visitor\Interceptor->___callParent('save', Array)
#16 /home/nativebarn/vendor/magento/framework/Interception/Interceptor.php(138): Magento\Framework\Interception\Chain\Chain->invokeNext('Magento\\Custome...', 'save', Object(Magento\Customer\Model\ResourceModel\Visitor\Interceptor), Array, 'clean_cache')
#17 /home/nativebarn/vendor/magento/framework/App/Cache/FlushCacheByTags.php(71): Magento\Customer\Model\ResourceModel\Visitor\Interceptor->Magento\Framework\Interception\{closure}(Object(Magento\Customer\Model\Visitor))
#18 /home/nativebarn/vendor/magento/framework/Interception/Interceptor.php(142): Magento\Framework\App\Cache\FlushCacheByTags->aroundSave(Object(Magento\Customer\Model\ResourceModel\Visitor\Interceptor), Object(Closure), Object(Magento\Customer\Model\Visitor))
#19 /home/nativebarn/var/generation/Magento/Customer/Model/ResourceModel/Visitor/Interceptor.php(104): Magento\Customer\Model\ResourceModel\Visitor\Interceptor->___callPlugins('save', Array, Array)
#20 /home/nativebarn/vendor/magento/framework/Model/AbstractModel.php(631): Magento\Customer\Model\ResourceModel\Visitor\Interceptor->save(Object(Magento\Customer\Model\Visitor))
#21 /home/nativebarn/vendor/magento/module-customer/Model/Visitor.php(182): Magento\Framework\Model\AbstractModel->save()
#22 /home/nativebarn/vendor/magento/module-customer/Observer/Visitor/SaveByRequestObserver.php(24): Magento\Customer\Model\Visitor->saveByRequest(Object(Magento\Framework\Event\Observer))
#23 /home/nativebarn/vendor/magento/framework/Event/Invoker/InvokerDefault.php(73): Magento\Customer\Observer\Visitor\SaveByRequestObserver->execute(Object(Magento\Framework\Event\Observer))
#24 /home/nativebarn/vendor/magento/framework/Event/Invoker/InvokerDefault.php(61): Magento\Framework\Event\Invoker\InvokerDefault->_callObserverMethod(Object(Magento\Customer\Observer\Visitor\SaveByRequestObserver), Object(Magento\Framework\Event\Observer))
#25 /home/nativebarn/vendor/magento/framework/Event/Manager.php(66): Magento\Framework\Event\Invoker\InvokerDefault->dispatch(Array, Object(Magento\Framework\Event\Observer))
#26 /home/nativebarn/var/generation/Magento/Framework/Event/Manager/Proxy.php(95): Magento\Framework\Event\Manager->dispatch('controller_acti...', Array)
#27 /home/nativebarn/vendor/magento/framework/App/Action/Action.php(113): Magento\Framework\Event\Manager\Proxy->dispatch('controller_acti...', Array)
#28 /home/nativebarn/vendor/magento/framework/Interception/Interceptor.php(74): Magento\Framework\App\Action\Action->dispatch(Object(Magento\Framework\App\Request\Http))
#29 /home/nativebarn/vendor/magento/framework/Interception/Chain/Chain.php(70): TemplateMonster\ThemeOptions\Controller\Css\Index\Interceptor->___callParent('dispatch', Array)
#30 /home/nativebarn/vendor/magento/framework/Interception/Chain/Chain.php(63): Magento\Framework\Interception\Chain\Chain->invokeNext('TemplateMonster...', 'dispatch', Object(TemplateMonster\ThemeOptions\Controller\Css\Index\Interceptor), Array, 'contextPlugin')
#31 /home/nativebarn/vendor/magento/module-store/App/Action/Plugin/Context.php(106): Magento\Framework\Interception\Chain\Chain->Magento\Framework\Interception\Chain\{closure}(Object(Magento\Framework\App\Request\Http))
#32 /home/nativebarn/vendor/magento/framework/Interception/Chain/Chain.php(67): Magento\Store\App\Action\Plugin\Context->aroundDispatch(Object(TemplateMonster\ThemeOptions\Controller\Css\Index\Interceptor), Object(Closure), Object(Magento\Framework\App\Request\Http))
#33 /home/nativebarn/vendor/magento/framework/Interception/Chain/Chain.php(63): Magento\Framework\Interception\Chain\Chain->invokeNext('TemplateMonster...', 'dispatch', Object(TemplateMonster\ThemeOptions\Controller\Css\Index\Interceptor), Array, 'customer-app-ac...')
#34 /home/nativebarn/vendor/magento/module-customer/Model/App/Action/ContextPlugin.php(61): Magento\Framework\Interception\Chain\Chain->Magento\Framework\Interception\Chain\{closure}(Object(Magento\Framework\App\Request\Http))
#35 /home/nativebarn/vendor/magento/framework/Interception/Chain/Chain.php(67): Magento\Customer\Model\App\Action\ContextPlugin->aroundDispatch(Object(TemplateMonster\ThemeOptions\Controller\Css\Index\Interceptor), Object(Closure), Object(Magento\Framework\App\Request\Http))
#36 /home/nativebarn/vendor/magento/framework/Interception/Chain/Chain.php(63): Magento\Framework\Interception\Chain\Chain->invokeNext('TemplateMonster...', 'dispatch', Object(TemplateMonster\ThemeOptions\Controller\Css\Index\Interceptor), Array, 'storeCheck')
#37 /home/nativebarn/vendor/magento/module-store/App/Action/Plugin/StoreCheck.php(44): Magento\Framework\Interception\Chain\Chain->Magento\Framework\Interception\Chain\{closure}(Object(Magento\Framework\App\Request\Http))
#38 /home/nativebarn/vendor/magento/framework/Interception/Chain/Chain.php(67): Magento\Store\App\Action\Plugin\StoreCheck->aroundDispatch(Object(TemplateMonster\ThemeOptions\Controller\Css\Index\Interceptor), Object(Closure), Object(Magento\Framework\App\Request\Http))
#39 /home/nativebarn/vendor/magento/framework/Interception/Chain/Chain.php(63): Magento\Framework\Interception\Chain\Chain->invokeNext('TemplateMonster...', 'dispatch', Object(TemplateMonster\ThemeOptions\Controller\Css\Index\Interceptor), Array, 'weee-app-action...')
#40 /home/nativebarn/vendor/magento/module-weee/Model/App/Action/ContextPlugin.php(112): Magento\Framework\Interception\Chain\Chain->Magento\Framework\Interception\Chain\{closure}(Object(Magento\Framework\App\Request\Http))
#41 /home/nativebarn/vendor/magento/framework/Interception/Chain/Chain.php(67): Magento\Weee\Model\App\Action\ContextPlugin->aroundDispatch(Object(TemplateMonster\ThemeOptions\Controller\Css\Index\Interceptor), Object(Closure), Object(Magento\Framework\App\Request\Http))
#42 /home/nativebarn/vendor/magento/framework/Interception/Interceptor.php(138): Magento\Framework\Interception\Chain\Chain->invokeNext('TemplateMonster...', 'dispatch', Object(TemplateMonster\ThemeOptions\Controller\Css\Index\Interceptor), Array, 'tax-app-action-...')
#43 /home/nativebarn/vendor/magento/module-tax/Model/App/Action/ContextPlugin.php(91): TemplateMonster\ThemeOptions\Controller\Css\Index\Interceptor->Magento\Framework\Interception\{closure}(Object(Magento\Framework\App\Request\Http))
#44 /home/nativebarn/vendor/magento/framework/Interception/Interceptor.php(142): Magento\Tax\Model\App\Action\ContextPlugin->aroundDispatch(Object(TemplateMonster\ThemeOptions\Controller\Css\Index\Interceptor), Object(Closure), Object(Magento\Framework\App\Request\Http))
#45 /home/nativebarn/var/generation/TemplateMonster/ThemeOptions/Controller/Css/Index/Interceptor.php(39): TemplateMonster\ThemeOptions\Controller\Css\Index\Interceptor->___callPlugins('dispatch', Array, Array)
#46 /home/nativebarn/vendor/magento/framework/App/FrontController.php(55): TemplateMonster\ThemeOptions\Controller\Css\Index\Interceptor->dispatch(Object(Magento\Framework\App\Request\Http))
#47 /home/nativebarn/vendor/magento/framework/Interception/Interceptor.php(74): Magento\Framework\App\FrontController->dispatch(Object(Magento\Framework\App\Request\Http))
#48 /home/nativebarn/vendor/magento/framework/Interception/Chain/Chain.php(70): Magento\Framework\App\FrontController\Interceptor->___callParent('dispatch', Array)
#49 /home/nativebarn/vendor/magento/framework/Interception/Chain/Chain.php(63): Magento\Framework\Interception\Chain\Chain->invokeNext('Magento\\Framewo...', 'dispatch', Object(Magento\Framework\App\FrontController\Interceptor), Array, 'requestPreproce...')
#50 /home/nativebarn/vendor/magento/module-store/App/FrontController/Plugin/RequestPreprocessor.php(94): Magento\Framework\Interception\Chain\Chain->Magento\Framework\Interception\Chain\{closure}(Object(Magento\Framework\App\Request\Http))
#51 /home/nativebarn/vendor/magento/framework/Interception/Chain/Chain.php(67): Magento\Store\App\FrontController\Plugin\RequestPreprocessor->aroundDispatch(Object(Magento\Framework\App\FrontController\Interceptor), Object(Closure), Object(Magento\Framework\App\Request\Http))
#52 /home/nativebarn/vendor/magento/framework/Interception/Chain/Chain.php(63): Magento\Framework\Interception\Chain\Chain->invokeNext('Magento\\Framewo...', 'dispatch', Object(Magento\Framework\App\FrontController\Interceptor), Array, 'install')
#53 /home/nativebarn/vendor/magento/framework/Module/Plugin/DbStatusValidator.php(69): Magento\Framework\Interception\Chain\Chain->Magento\Framework\Interception\Chain\{closure}(Object(Magento\Framework\App\Request\Http))
#54 /home/nativebarn/vendor/magento/framework/Interception/Chain/Chain.php(67): Magento\Framework\Module\Plugin\DbStatusValidator->aroundDispatch(Object(Magento\Framework\App\FrontController\Interceptor), Object(Closure), Object(Magento\Framework\App\Request\Http))
#55 /home/nativebarn/vendor/magento/framework/Interception/Chain/Chain.php(63): Magento\Framework\Interception\Chain\Chain->invokeNext('Magento\\Framewo...', 'dispatch', Object(Magento\Framework\App\FrontController\Interceptor), Array, 'switcher-app-ac...')
#56 /home/nativebarn/app/code/TemplateMonster/LayoutSwitcher/Model/App/Action/ContextPlugin.php(40): Magento\Framework\Interception\Chain\Chain->Magento\Framework\Interception\Chain\{closure}(Object(Magento\Framework\App\Request\Http))
#57 /home/nativebarn/vendor/magento/framework/Interception/Chain/Chain.php(67): TemplateMonster\LayoutSwitcher\Model\App\Action\ContextPlugin->aroundDispatch(Object(Magento\Framework\App\FrontController\Interceptor), Object(Closure), Object(Magento\Framework\App\Request\Http))
#58 /home/nativebarn/vendor/magento/framework/Interception/Chain/Chain.php(63): Magento\Framework\Interception\Chain\Chain->invokeNext('Magento\\Framewo...', 'dispatch', Object(Magento\Framework\App\FrontController\Interceptor), Array, 'front-controlle...')
#59 /home/nativebarn/vendor/magento/module-page-cache/Model/App/FrontController/VarnishPlugin.php(55): Magento\Framework\Interception\Chain\Chain->Magento\Framework\Interception\Chain\{closure}(Object(Magento\Framework\App\Request\Http))
#60 /home/nativebarn/vendor/magento/framework/Interception/Chain/Chain.php(67): Magento\PageCache\Model\App\FrontController\VarnishPlugin->aroundDispatch(Object(Magento\Framework\App\FrontController\Interceptor), Object(Closure), Object(Magento\Framework\App\Request\Http))
#61 /home/nativebarn/vendor/magento/framework/Interception/Interceptor.php(138): Magento\Framework\Interception\Chain\Chain->invokeNext('Magento\\Framewo...', 'dispatch', Object(Magento\Framework\App\FrontController\Interceptor), Array, 'front-controlle...')
#62 /home/nativebarn/vendor/magento/module-page-cache/Model/App/FrontController/BuiltinPlugin.php(68): Magento\Framework\App\FrontController\Interceptor->Magento\Framework\Interception\{closure}(Object(Magento\Framework\App\Request\Http))
#63 /home/nativebarn/app/code/TemplateMonster/SiteMaintenance/Model/PageCache/App/FrontController/BuiltinPlugin.php(30): Magento\PageCache\Model\App\FrontController\BuiltinPlugin->aroundDispatch(Object(Magento\Framework\App\FrontController\Interceptor), Object(Closure), Object(Magento\Framework\App\Request\Http))
#64 /home/nativebarn/vendor/magento/framework/Interception/Interceptor.php(142): TemplateMonster\SiteMaintenance\Model\PageCache\App\FrontController\BuiltinPlugin->aroundDispatch(Object(Magento\Framework\App\FrontController\Interceptor), Object(Closure), Object(Magento\Framework\App\Request\Http))
#65 /home/nativebarn/var/generation/Magento/Framework/App/FrontController/Interceptor.php(26): Magento\Framework\App\FrontController\Interceptor->___callPlugins('dispatch', Array, Array)
#66 /home/nativebarn/vendor/magento/framework/App/Http.php(135): Magento\Framework\App\FrontController\Interceptor->dispatch(Object(Magento\Framework\App\Request\Http))
#67 /home/nativebarn/vendor/magento/framework/App/Bootstrap.php(258): Magento\Framework\App\Http->launch()
#68 /home/nativebarn/index.php(46): Magento\Framework\App\Bootstrap->run(Object(Magento\Framework\App\Http))
#69 {main} [] []
